[INFO  10/8/2024 9:37:45 PM] ...m-data/lazy/mason.nvim/lua/mason-core/installer/init.lua:184: Executing installer for Package(name=typescript-language-server) {}
[INFO  10/8/2024 9:37:45 PM] ...m-data/lazy/mason.nvim/lua/mason-core/installer/init.lua:184: Executing installer for Package(name=html-lsp) {}
[INFO  10/8/2024 9:37:45 PM] ...m-data/lazy/mason.nvim/lua/mason-core/installer/init.lua:184: Executing installer for Package(name=tailwindcss-language-server) {}
[INFO  10/8/2024 9:37:45 PM] ...m-data/lazy/mason.nvim/lua/mason-core/installer/init.lua:184: Executing installer for Package(name=eslint-lsp) {}
[INFO  10/8/2024 9:37:45 PM] ...m-data/lazy/mason.nvim/lua/mason-core/installer/init.lua:184: Executing installer for Package(name=css-lsp) {}
[INFO  10/8/2024 9:37:45 PM] ...m-data/lazy/mason.nvim/lua/mason-core/installer/init.lua:184: Executing installer for Package(name=lua-language-server) {}
[INFO  10/8/2024 9:37:45 PM] ...m-data/lazy/mason.nvim/lua/mason-core/installer/init.lua:184: Executing installer for Package(name=stylua) {}
[INFO  10/8/2024 9:38:07 PM] ...m-data/lazy/mason.nvim/lua/mason-core/installer/init.lua:245: Installation succeeded for Package(name=tailwindcss-language-server)
[ERROR 10/8/2024 9:39:16 PM] ...zy/mason.nvim/lua/mason-core/installer/registry/init.lua:186: Failed to download schemas Package(name=eslint-lsp) Schema download timed out.
[INFO  10/8/2024 9:39:16 PM] ...m-data/lazy/mason.nvim/lua/mason-core/installer/init.lua:245: Installation succeeded for Package(name=eslint-lsp)
[ERROR 10/8/2024 9:39:20 PM] ...zy/mason.nvim/lua/mason-core/installer/registry/init.lua:186: Failed to download schemas Package(name=css-lsp) Schema download timed out.
[INFO  10/8/2024 9:39:20 PM] ...m-data/lazy/mason.nvim/lua/mason-core/installer/init.lua:245: Installation succeeded for Package(name=css-lsp)
[ERROR 10/8/2024 9:40:21 PM] ...zy/mason.nvim/lua/mason-core/installer/registry/init.lua:186: Failed to download schemas Package(name=typescript-language-server) Schema download timed out.
[INFO  10/8/2024 9:40:21 PM] ...m-data/lazy/mason.nvim/lua/mason-core/installer/init.lua:245: Installation succeeded for Package(name=typescript-language-server)
[ERROR 10/8/2024 9:40:31 PM] ...zy/mason.nvim/lua/mason-core/installer/registry/init.lua:186: Failed to download schemas Package(name=html-lsp) Schema download timed out.
[INFO  10/8/2024 9:40:31 PM] ...m-data/lazy/mason.nvim/lua/mason-core/installer/init.lua:245: Installation succeeded for Package(name=html-lsp)
[INFO  10/8/2024 9:44:59 PM] ...m-data/lazy/mason.nvim/lua/mason-core/installer/init.lua:245: Installation succeeded for Package(name=stylua)
[ERROR 10/8/2024 9:48:40 PM] ...zy/mason.nvim/lua/mason-core/installer/registry/init.lua:186: Failed to download schemas Package(name=lua-language-server) Schema download timed out.
[INFO  10/8/2024 9:48:40 PM] ...m-data/lazy/mason.nvim/lua/mason-core/installer/init.lua:245: Installation succeeded for Package(name=lua-language-server)
[INFO  10/9/2024 6:56:31 AM] ...m-data/lazy/mason.nvim/lua/mason-core/installer/init.lua:184: Executing installer for Package(name=prettierd) {}
[ERROR 10/9/2024 6:57:11 AM] ...m-data/lazy/mason.nvim/lua/mason-core/installer/init.lua:249: Installation failed for Package(name=prettierd) error=spawn: npm.cmd failed with exit code 1 and signal 0. 
[INFO  10/9/2024 6:57:30 AM] ...m-data/lazy/mason.nvim/lua/mason-core/installer/init.lua:184: Executing installer for Package(name=prettierd) {}
[INFO  10/9/2024 6:58:27 AM] ...m-data/lazy/mason.nvim/lua/mason-core/installer/init.lua:245: Installation succeeded for Package(name=prettierd)
[ERROR 10/9/2024 6:59:32 AM] ...ta/lazy/mason.nvim/lua/mason-registry/sources/github.lua:146: Failed to install registry GitHubRegistrySource(repo=mason-org/mason-registry). "Failed to download registry archive."
[INFO  10/9/2024 6:59:33 AM] ...m-data/lazy/mason.nvim/lua/mason-core/installer/init.lua:184: Executing installer for Package(name=eslint-lsp) {}
[ERROR 10/9/2024 6:59:54 AM] ...m-data/lazy/mason.nvim/lua/mason-core/installer/init.lua:249: Installation failed for Package(name=eslint-lsp) error=spawn: npm.cmd failed with exit code 1 and signal 0. 
[INFO  10/9/2024 7:01:15 AM] ...m-data/lazy/mason.nvim/lua/mason-core/installer/init.lua:184: Executing installer for Package(name=eslint-lsp) {}
[INFO  10/9/2024 7:01:33 AM] ...m-data/lazy/mason.nvim/lua/mason-core/installer/init.lua:245: Installation succeeded for Package(name=eslint-lsp)
[INFO  10/9/2024 10:58:20 AM] ...m-data/lazy/mason.nvim/lua/mason-core/installer/init.lua:184: Executing installer for Package(name=eslint_d) {}
[INFO  10/9/2024 10:58:34 AM] ...m-data/lazy/mason.nvim/lua/mason-core/installer/init.lua:245: Installation succeeded for Package(name=eslint_d)
[INFO  10/9/2024 11:01:35 AM] ...m-data/lazy/mason.nvim/lua/mason-core/installer/init.lua:184: Executing installer for Package(name=eslint_d) {}
[INFO  10/9/2024 11:01:44 AM] ...m-data/lazy/mason.nvim/lua/mason-core/installer/init.lua:245: Installation succeeded for Package(name=eslint_d)
[INFO  10/9/2024 11:01:45 AM] ...m-data/lazy/mason.nvim/lua/mason-core/installer/init.lua:184: Executing installer for Package(name=eslint-lsp) {}
[INFO  10/9/2024 11:02:03 AM] ...m-data/lazy/mason.nvim/lua/mason-core/installer/init.lua:245: Installation succeeded for Package(name=eslint-lsp)
[ERROR 10/9/2024 11:20:52 AM] ...al/nvim-data/lazy/mason.nvim/lua/mason-registry/init.lua:79: Cannot find package "\"eslint-lsp<8.57.1>\"".
[INFO  10/9/2024 11:22:17 AM] ...m-data/lazy/mason.nvim/lua/mason-core/installer/init.lua:184: Executing installer for Package(name=eslint-lsp) {
  version = "<8.57.1>"
}
[ERROR 10/9/2024 11:22:18 AM] ...m-data/lazy/mason.nvim/lua/mason-core/installer/init.lua:249: Installation failed for Package(name=eslint-lsp) error='Version "<8.57.1>" is not available.'
[INFO  10/9/2024 11:23:28 AM] ...m-data/lazy/mason.nvim/lua/mason-core/installer/init.lua:184: Executing installer for Package(name=eslint-lsp) {}
[INFO  10/9/2024 11:23:50 AM] ...m-data/lazy/mason.nvim/lua/mason-core/installer/init.lua:245: Installation succeeded for Package(name=eslint-lsp)
[INFO  10/9/2024 11:31:27 AM] ...m-data/lazy/mason.nvim/lua/mason-core/installer/init.lua:184: Executing installer for Package(name=eslint_d) {}
[INFO  10/9/2024 11:31:41 AM] ...m-data/lazy/mason.nvim/lua/mason-core/installer/init.lua:245: Installation succeeded for Package(name=eslint_d)
[INFO  10/9/2024 3:28:25 PM] ...m-data/lazy/mason.nvim/lua/mason-core/installer/init.lua:184: Executing installer for Package(name=prettierd) {}
[INFO  10/9/2024 3:28:37 PM] ...m-data/lazy/mason.nvim/lua/mason-core/installer/init.lua:245: Installation succeeded for Package(name=prettierd)
[INFO  10/9/2024 3:28:44 PM] ...m-data/lazy/mason.nvim/lua/mason-core/installer/init.lua:184: Executing installer for Package(name=typescript-language-server) {}
[INFO  10/9/2024 3:28:49 PM] ...m-data/lazy/mason.nvim/lua/mason-core/installer/init.lua:245: Installation succeeded for Package(name=typescript-language-server)
[INFO  10/9/2024 3:28:51 PM] ...m-data/lazy/mason.nvim/lua/mason-core/installer/init.lua:184: Executing installer for Package(name=lua-language-server) Package(name=lua-language-server)
[ERROR 10/9/2024 3:29:08 PM] ...m-data/lazy/mason.nvim/lua/mason-core/installer/init.lua:249: Installation failed for Package(name=lua-language-server) error='...ta/Local/nvim-data/lazy/mason.nvim/lua/mason-core/fs.lua:53: rmrf: Could not remove directory "C:\\\\Users\\\\Admin\\\\AppData\\\\Local\\\\nvim-data\\\\mason\\\\packages\\\\lua-language-server".'
[INFO  10/9/2024 3:30:36 PM] ...m-data/lazy/mason.nvim/lua/mason-core/installer/init.lua:184: Executing installer for Package(name=eslint-lsp) {}
[INFO  10/9/2024 3:30:49 PM] ...m-data/lazy/mason.nvim/lua/mason-core/installer/init.lua:245: Installation succeeded for Package(name=eslint-lsp)
